<?xml version="1.0" encoding="UTF-8"?>
<testsuite xmlns:xsi="http://www.w3.org/2001/XMLSchema-instance" xsi:noNamespaceSchemaLocation="https://maven.apache.org/surefire/maven-surefire-plugin/xsd/surefire-test-report.xsd" name="org.elasticsearch.ingest.Test3rdParty" time="1.96" tests="22" errors="0" skipped="0" failures="3">
  <properties>
    <property name="sun.desktop" value="gnome"/>
    <property name="awt.toolkit" value="sun.awt.X11.XToolkit"/>
    <property name="file.encoding.pkg" value="sun.io"/>
    <property name="java.specification.version" value="1.8"/>
    <property name="sun.cpu.isalist" value=""/>
    <property name="sun.jnu.encoding" value="UTF-8"/>
    <property name="java.class.path" value="/home/camelia/github_repos/es_plugins/elasticsearch-custom-plugins/readabilityingestor/target/test-classes:/home/camelia/github_repos/es_plugins/elasticsearch-custom-plugins/readabilityingestor/target/classes:/home/camelia/.m2/repository/org/elasticsearch/elasticsearch/7.12.1/elasticsearch-7.12.1.jar:/home/camelia/.m2/repository/org/elasticsearch/elasticsearch-core/7.12.1/elasticsearch-core-7.12.1.jar:/home/camelia/.m2/repository/org/elasticsearch/elasticsearch-secure-sm/7.12.1/elasticsearch-secure-sm-7.12.1.jar:/home/camelia/.m2/repository/org/elasticsearch/elasticsearch-x-content/7.12.1/elasticsearch-x-content-7.12.1.jar:/home/camelia/.m2/repository/org/yaml/snakeyaml/1.26/snakeyaml-1.26.jar:/home/camelia/.m2/repository/com/fasterxml/jackson/core/jackson-core/2.10.4/jackson-core-2.10.4.jar:/home/camelia/.m2/repository/com/fasterxml/jackson/dataformat/jackson-dataformat-smile/2.10.4/jackson-dataformat-smile-2.10.4.jar:/home/camelia/.m2/repository/com/fasterxml/jackson/dataformat/jackson-dataformat-yaml/2.10.4/jackson-dataformat-yaml-2.10.4.jar:/home/camelia/.m2/repository/com/fasterxml/jackson/dataformat/jackson-dataformat-cbor/2.10.4/jackson-dataformat-cbor-2.10.4.jar:/home/camelia/.m2/repository/org/elasticsearch/elasticsearch-geo/7.12.1/elasticsearch-geo-7.12.1.jar:/home/camelia/.m2/repository/org/apache/lucene/lucene-core/8.8.0/lucene-core-8.8.0.jar:/home/camelia/.m2/repository/org/apache/lucene/lucene-analyzers-common/8.8.0/lucene-analyzers-common-8.8.0.jar:/home/camelia/.m2/repository/org/apache/lucene/lucene-backward-codecs/8.8.0/lucene-backward-codecs-8.8.0.jar:/home/camelia/.m2/repository/org/apache/lucene/lucene-grouping/8.8.0/lucene-grouping-8.8.0.jar:/home/camelia/.m2/repository/org/apache/lucene/lucene-highlighter/8.8.0/lucene-highlighter-8.8.0.jar:/home/camelia/.m2/repository/org/apache/lucene/lucene-join/8.8.0/lucene-join-8.8.0.jar:/home/camelia/.m2/repository/org/apache/lucene/lucene-memory/8.8.0/lucene-memory-8.8.0.jar:/home/camelia/.m2/repository/org/apache/lucene/lucene-misc/8.8.0/lucene-misc-8.8.0.jar:/home/camelia/.m2/repository/org/apache/lucene/lucene-queries/8.8.0/lucene-queries-8.8.0.jar:/home/camelia/.m2/repository/org/apache/lucene/lucene-queryparser/8.8.0/lucene-queryparser-8.8.0.jar:/home/camelia/.m2/repository/org/apache/lucene/lucene-sandbox/8.8.0/lucene-sandbox-8.8.0.jar:/home/camelia/.m2/repository/org/apache/lucene/lucene-spatial-extras/8.8.0/lucene-spatial-extras-8.8.0.jar:/home/camelia/.m2/repository/org/apache/lucene/lucene-spatial3d/8.8.0/lucene-spatial3d-8.8.0.jar:/home/camelia/.m2/repository/org/apache/lucene/lucene-suggest/8.8.0/lucene-suggest-8.8.0.jar:/home/camelia/.m2/repository/org/elasticsearch/elasticsearch-cli/7.12.1/elasticsearch-cli-7.12.1.jar:/home/camelia/.m2/repository/net/sf/jopt-simple/jopt-simple/5.0.2/jopt-simple-5.0.2.jar:/home/camelia/.m2/repository/com/carrotsearch/hppc/0.8.1/hppc-0.8.1.jar:/home/camelia/.m2/repository/joda-time/joda-time/2.10.4/joda-time-2.10.4.jar:/home/camelia/.m2/repository/com/tdunning/t-digest/3.2/t-digest-3.2.jar:/home/camelia/.m2/repository/org/hdrhistogram/HdrHistogram/2.1.9/HdrHistogram-2.1.9.jar:/home/camelia/.m2/repository/org/elasticsearch/jna/5.7.0-1/jna-5.7.0-1.jar:/home/camelia/.m2/repository/org/elasticsearch/elasticsearch-plugin-classloader/7.12.1/elasticsearch-plugin-classloader-7.12.1.jar:/home/camelia/.m2/repository/org/apache/logging/log4j/log4j-api/2.11.1/log4j-api-2.11.1.jar:/home/camelia/.m2/repository/edu/stanford/nlp/stanford-corenlp/4.2.2/stanford-corenlp-4.2.2.jar:/home/camelia/.m2/repository/com/apple/AppleJavaExtensions/1.4/AppleJavaExtensions-1.4.jar:/home/camelia/.m2/repository/de/jollyday/jollyday/0.4.9/jollyday-0.4.9.jar:/home/camelia/.m2/repository/org/apache/commons/commons-lang3/3.3.1/commons-lang3-3.3.1.jar:/home/camelia/.m2/repository/javax/servlet/javax.servlet-api/3.0.1/javax.servlet-api-3.0.1.jar:/home/camelia/.m2/repository/xom/xom/1.3.2/xom-1.3.2.jar:/home/camelia/.m2/repository/xml-apis/xml-apis/1.3.03/xml-apis-1.3.03.jar:/home/camelia/.m2/repository/xerces/xercesImpl/2.8.0/xercesImpl-2.8.0.jar:/home/camelia/.m2/repository/xalan/xalan/2.7.0/xalan-2.7.0.jar:/home/camelia/.m2/repository/org/ejml/ejml-core/0.39/ejml-core-0.39.jar:/home/camelia/.m2/repository/com/google/code/findbugs/jsr305/3.0.2/jsr305-3.0.2.jar:/home/camelia/.m2/repository/org/ejml/ejml-ddense/0.39/ejml-ddense-0.39.jar:/home/camelia/.m2/repository/org/ejml/ejml-simple/0.39/ejml-simple-0.39.jar:/home/camelia/.m2/repository/org/ejml/ejml-fdense/0.39/ejml-fdense-0.39.jar:/home/camelia/.m2/repository/org/ejml/ejml-cdense/0.39/ejml-cdense-0.39.jar:/home/camelia/.m2/repository/org/ejml/ejml-zdense/0.39/ejml-zdense-0.39.jar:/home/camelia/.m2/repository/org/ejml/ejml-dsparse/0.39/ejml-dsparse-0.39.jar:/home/camelia/.m2/repository/org/ejml/ejml-fsparse/0.39/ejml-fsparse-0.39.jar:/home/camelia/.m2/repository/org/glassfish/javax.json/1.0.4/javax.json-1.0.4.jar:/home/camelia/.m2/repository/org/slf4j/slf4j-api/1.7.30/slf4j-api-1.7.30.jar:/home/camelia/.m2/repository/com/google/protobuf/protobuf-java/3.9.2/protobuf-java-3.9.2.jar:/home/camelia/.m2/repository/javax/activation/javax.activation-api/1.2.0/javax.activation-api-1.2.0.jar:/home/camelia/.m2/repository/javax/xml/bind/jaxb-api/2.3.1/jaxb-api-2.3.1.jar:/home/camelia/.m2/repository/com/sun/xml/bind/jaxb-core/3.0.1/jaxb-core-3.0.1.jar:/home/camelia/.m2/repository/jakarta/xml/bind/jakarta.xml.bind-api/3.0.1/jakarta.xml.bind-api-3.0.1.jar:/home/camelia/.m2/repository/com/sun/activation/jakarta.activation/2.0.1/jakarta.activation-2.0.1.jar:/home/camelia/.m2/repository/com/sun/xml/bind/jaxb-impl/3.0.1/jaxb-impl-3.0.1.jar:/home/camelia/.m2/repository/com/itextpdf/hyph/7.1.15/hyph-7.1.15.jar:/home/camelia/.m2/repository/com/itextpdf/layout/7.1.15/layout-7.1.15.jar:/home/camelia/.m2/repository/com/itextpdf/kernel/7.1.15/kernel-7.1.15.jar:/home/camelia/.m2/repository/com/itextpdf/io/7.1.15/io-7.1.15.jar:/home/camelia/.m2/repository/org/bouncycastle/bcpkix-jdk15on/1.68/bcpkix-jdk15on-1.68.jar:/home/camelia/.m2/repository/org/bouncycastle/bcprov-jdk15on/1.68/bcprov-jdk15on-1.68.jar:/home/camelia/.m2/repository/com/github/mfietz/JHyphenator/master/JHyphenator-master.jar:/home/camelia/.m2/repository/com/google/code/gson/gson/2.8.7/gson-2.8.7.jar:/home/camelia/.m2/repository/junit/junit/4.12/junit-4.12.jar:/home/camelia/.m2/repository/org/hamcrest/hamcrest-core/1.3/hamcrest-core-1.3.jar:/home/camelia/.m2/repository/org/assertj/assertj-core/3.20.2/assertj-core-3.20.2.jar:/home/camelia/.m2/repository/pl/pragmatists/JUnitParams/1.1.1/JUnitParams-1.1.1.jar:"/>
    <property name="java.vm.vendor" value="Oracle Corporation"/>
    <property name="sun.arch.data.model" value="64"/>
    <property name="java.vendor.url" value="http://java.oracle.com/"/>
    <property name="user.timezone" value=""/>
    <property name="java.vm.specification.version" value="1.8"/>
    <property name="os.name" value="Linux"/>
    <property name="user.country" value="US"/>
    <property name="sun.java.launcher" value="SUN_STANDARD"/>
    <property name="sun.boot.library.path" value="/usr/lib/jvm/java-8-oracle/jre/lib/amd64"/>
    <property name="sun.java.command" value="/home/camelia/github_repos/es_plugins/elasticsearch-custom-plugins/readabilityingestor/target/surefire/surefirebooter786078369010571747.jar /home/camelia/github_repos/es_plugins/elasticsearch-custom-plugins/readabilityingestor/target/surefire 2021-06-27T12-48-29_050-jvmRun1 surefire1894606883078819513tmp surefire_0702460935217070781tmp"/>
    <property name="surefire.test.class.path" value="/home/camelia/github_repos/es_plugins/elasticsearch-custom-plugins/readabilityingestor/target/test-classes:/home/camelia/github_repos/es_plugins/elasticsearch-custom-plugins/readabilityingestor/target/classes:/home/camelia/.m2/repository/org/elasticsearch/elasticsearch/7.12.1/elasticsearch-7.12.1.jar:/home/camelia/.m2/repository/org/elasticsearch/elasticsearch-core/7.12.1/elasticsearch-core-7.12.1.jar:/home/camelia/.m2/repository/org/elasticsearch/elasticsearch-secure-sm/7.12.1/elasticsearch-secure-sm-7.12.1.jar:/home/camelia/.m2/repository/org/elasticsearch/elasticsearch-x-content/7.12.1/elasticsearch-x-content-7.12.1.jar:/home/camelia/.m2/repository/org/yaml/snakeyaml/1.26/snakeyaml-1.26.jar:/home/camelia/.m2/repository/com/fasterxml/jackson/core/jackson-core/2.10.4/jackson-core-2.10.4.jar:/home/camelia/.m2/repository/com/fasterxml/jackson/dataformat/jackson-dataformat-smile/2.10.4/jackson-dataformat-smile-2.10.4.jar:/home/camelia/.m2/repository/com/fasterxml/jackson/dataformat/jackson-dataformat-yaml/2.10.4/jackson-dataformat-yaml-2.10.4.jar:/home/camelia/.m2/repository/com/fasterxml/jackson/dataformat/jackson-dataformat-cbor/2.10.4/jackson-dataformat-cbor-2.10.4.jar:/home/camelia/.m2/repository/org/elasticsearch/elasticsearch-geo/7.12.1/elasticsearch-geo-7.12.1.jar:/home/camelia/.m2/repository/org/apache/lucene/lucene-core/8.8.0/lucene-core-8.8.0.jar:/home/camelia/.m2/repository/org/apache/lucene/lucene-analyzers-common/8.8.0/lucene-analyzers-common-8.8.0.jar:/home/camelia/.m2/repository/org/apache/lucene/lucene-backward-codecs/8.8.0/lucene-backward-codecs-8.8.0.jar:/home/camelia/.m2/repository/org/apache/lucene/lucene-grouping/8.8.0/lucene-grouping-8.8.0.jar:/home/camelia/.m2/repository/org/apache/lucene/lucene-highlighter/8.8.0/lucene-highlighter-8.8.0.jar:/home/camelia/.m2/repository/org/apache/lucene/lucene-join/8.8.0/lucene-join-8.8.0.jar:/home/camelia/.m2/repository/org/apache/lucene/lucene-memory/8.8.0/lucene-memory-8.8.0.jar:/home/camelia/.m2/repository/org/apache/lucene/lucene-misc/8.8.0/lucene-misc-8.8.0.jar:/home/camelia/.m2/repository/org/apache/lucene/lucene-queries/8.8.0/lucene-queries-8.8.0.jar:/home/camelia/.m2/repository/org/apache/lucene/lucene-queryparser/8.8.0/lucene-queryparser-8.8.0.jar:/home/camelia/.m2/repository/org/apache/lucene/lucene-sandbox/8.8.0/lucene-sandbox-8.8.0.jar:/home/camelia/.m2/repository/org/apache/lucene/lucene-spatial-extras/8.8.0/lucene-spatial-extras-8.8.0.jar:/home/camelia/.m2/repository/org/apache/lucene/lucene-spatial3d/8.8.0/lucene-spatial3d-8.8.0.jar:/home/camelia/.m2/repository/org/apache/lucene/lucene-suggest/8.8.0/lucene-suggest-8.8.0.jar:/home/camelia/.m2/repository/org/elasticsearch/elasticsearch-cli/7.12.1/elasticsearch-cli-7.12.1.jar:/home/camelia/.m2/repository/net/sf/jopt-simple/jopt-simple/5.0.2/jopt-simple-5.0.2.jar:/home/camelia/.m2/repository/com/carrotsearch/hppc/0.8.1/hppc-0.8.1.jar:/home/camelia/.m2/repository/joda-time/joda-time/2.10.4/joda-time-2.10.4.jar:/home/camelia/.m2/repository/com/tdunning/t-digest/3.2/t-digest-3.2.jar:/home/camelia/.m2/repository/org/hdrhistogram/HdrHistogram/2.1.9/HdrHistogram-2.1.9.jar:/home/camelia/.m2/repository/org/elasticsearch/jna/5.7.0-1/jna-5.7.0-1.jar:/home/camelia/.m2/repository/org/elasticsearch/elasticsearch-plugin-classloader/7.12.1/elasticsearch-plugin-classloader-7.12.1.jar:/home/camelia/.m2/repository/org/apache/logging/log4j/log4j-api/2.11.1/log4j-api-2.11.1.jar:/home/camelia/.m2/repository/edu/stanford/nlp/stanford-corenlp/4.2.2/stanford-corenlp-4.2.2.jar:/home/camelia/.m2/repository/com/apple/AppleJavaExtensions/1.4/AppleJavaExtensions-1.4.jar:/home/camelia/.m2/repository/de/jollyday/jollyday/0.4.9/jollyday-0.4.9.jar:/home/camelia/.m2/repository/org/apache/commons/commons-lang3/3.3.1/commons-lang3-3.3.1.jar:/home/camelia/.m2/repository/javax/servlet/javax.servlet-api/3.0.1/javax.servlet-api-3.0.1.jar:/home/camelia/.m2/repository/xom/xom/1.3.2/xom-1.3.2.jar:/home/camelia/.m2/repository/xml-apis/xml-apis/1.3.03/xml-apis-1.3.03.jar:/home/camelia/.m2/repository/xerces/xercesImpl/2.8.0/xercesImpl-2.8.0.jar:/home/camelia/.m2/repository/xalan/xalan/2.7.0/xalan-2.7.0.jar:/home/camelia/.m2/repository/org/ejml/ejml-core/0.39/ejml-core-0.39.jar:/home/camelia/.m2/repository/com/google/code/findbugs/jsr305/3.0.2/jsr305-3.0.2.jar:/home/camelia/.m2/repository/org/ejml/ejml-ddense/0.39/ejml-ddense-0.39.jar:/home/camelia/.m2/repository/org/ejml/ejml-simple/0.39/ejml-simple-0.39.jar:/home/camelia/.m2/repository/org/ejml/ejml-fdense/0.39/ejml-fdense-0.39.jar:/home/camelia/.m2/repository/org/ejml/ejml-cdense/0.39/ejml-cdense-0.39.jar:/home/camelia/.m2/repository/org/ejml/ejml-zdense/0.39/ejml-zdense-0.39.jar:/home/camelia/.m2/repository/org/ejml/ejml-dsparse/0.39/ejml-dsparse-0.39.jar:/home/camelia/.m2/repository/org/ejml/ejml-fsparse/0.39/ejml-fsparse-0.39.jar:/home/camelia/.m2/repository/org/glassfish/javax.json/1.0.4/javax.json-1.0.4.jar:/home/camelia/.m2/repository/org/slf4j/slf4j-api/1.7.30/slf4j-api-1.7.30.jar:/home/camelia/.m2/repository/com/google/protobuf/protobuf-java/3.9.2/protobuf-java-3.9.2.jar:/home/camelia/.m2/repository/javax/activation/javax.activation-api/1.2.0/javax.activation-api-1.2.0.jar:/home/camelia/.m2/repository/javax/xml/bind/jaxb-api/2.3.1/jaxb-api-2.3.1.jar:/home/camelia/.m2/repository/com/sun/xml/bind/jaxb-core/3.0.1/jaxb-core-3.0.1.jar:/home/camelia/.m2/repository/jakarta/xml/bind/jakarta.xml.bind-api/3.0.1/jakarta.xml.bind-api-3.0.1.jar:/home/camelia/.m2/repository/com/sun/activation/jakarta.activation/2.0.1/jakarta.activation-2.0.1.jar:/home/camelia/.m2/repository/com/sun/xml/bind/jaxb-impl/3.0.1/jaxb-impl-3.0.1.jar:/home/camelia/.m2/repository/com/itextpdf/hyph/7.1.15/hyph-7.1.15.jar:/home/camelia/.m2/repository/com/itextpdf/layout/7.1.15/layout-7.1.15.jar:/home/camelia/.m2/repository/com/itextpdf/kernel/7.1.15/kernel-7.1.15.jar:/home/camelia/.m2/repository/com/itextpdf/io/7.1.15/io-7.1.15.jar:/home/camelia/.m2/repository/org/bouncycastle/bcpkix-jdk15on/1.68/bcpkix-jdk15on-1.68.jar:/home/camelia/.m2/repository/org/bouncycastle/bcprov-jdk15on/1.68/bcprov-jdk15on-1.68.jar:/home/camelia/.m2/repository/com/github/mfietz/JHyphenator/master/JHyphenator-master.jar:/home/camelia/.m2/repository/com/google/code/gson/gson/2.8.7/gson-2.8.7.jar:/home/camelia/.m2/repository/junit/junit/4.12/junit-4.12.jar:/home/camelia/.m2/repository/org/hamcrest/hamcrest-core/1.3/hamcrest-core-1.3.jar:/home/camelia/.m2/repository/org/assertj/assertj-core/3.20.2/assertj-core-3.20.2.jar:/home/camelia/.m2/repository/pl/pragmatists/JUnitParams/1.1.1/JUnitParams-1.1.1.jar:"/>
    <property name="sun.cpu.endian" value="little"/>
    <property name="user.home" value="/home/camelia"/>
    <property name="user.language" value="en"/>
    <property name="java.specification.vendor" value="Oracle Corporation"/>
    <property name="java.home" value="/usr/lib/jvm/java-8-oracle/jre"/>
    <property name="basedir" value="/home/camelia/github_repos/es_plugins/elasticsearch-custom-plugins/readabilityingestor"/>
    <property name="file.separator" value="/"/>
    <property name="line.separator" value="&#10;"/>
    <property name="java.vm.specification.vendor" value="Oracle Corporation"/>
    <property name="java.specification.name" value="Java Platform API Specification"/>
    <property name="java.awt.graphicsenv" value="sun.awt.X11GraphicsEnvironment"/>
    <property name="surefire.real.class.path" value="/home/camelia/github_repos/es_plugins/elasticsearch-custom-plugins/readabilityingestor/target/surefire/surefirebooter786078369010571747.jar"/>
    <property name="sun.boot.class.path" value="/usr/lib/jvm/java-8-oracle/jre/lib/resources.jar:/usr/lib/jvm/java-8-oracle/jre/lib/rt.jar:/usr/lib/jvm/java-8-oracle/jre/lib/sunrsasign.jar:/usr/lib/jvm/java-8-oracle/jre/lib/jsse.jar:/usr/lib/jvm/java-8-oracle/jre/lib/jce.jar:/usr/lib/jvm/java-8-oracle/jre/lib/charsets.jar:/usr/lib/jvm/java-8-oracle/jre/lib/jfr.jar:/usr/lib/jvm/java-8-oracle/jre/classes"/>
    <property name="sun.management.compiler" value="HotSpot 64-Bit Tiered Compilers"/>
    <property name="java.runtime.version" value="1.8.0_101-b13"/>
    <property name="user.name" value="camelia"/>
    <property name="path.separator" value=":"/>
    <property name="os.version" value="4.4.0-210-generic"/>
    <property name="java.endorsed.dirs" value="/usr/lib/jvm/java-8-oracle/jre/lib/endorsed"/>
    <property name="java.runtime.name" value="Java(TM) SE Runtime Environment"/>
    <property name="file.encoding" value="UTF-8"/>
    <property name="java.vm.name" value="Java HotSpot(TM) 64-Bit Server VM"/>
    <property name="localRepository" value="/home/camelia/.m2/repository"/>
    <property name="java.vendor.url.bug" value="http://bugreport.sun.com/bugreport/"/>
    <property name="java.io.tmpdir" value="/tmp"/>
    <property name="java.version" value="1.8.0_101"/>
    <property name="user.dir" value="/home/camelia/github_repos/es_plugins/elasticsearch-custom-plugins/readabilityingestor"/>
    <property name="os.arch" value="amd64"/>
    <property name="java.vm.specification.name" value="Java Virtual Machine Specification"/>
    <property name="java.awt.printerjob" value="sun.print.PSPrinterJob"/>
    <property name="sun.os.patch.level" value="unknown"/>
    <property name="java.library.path" value="/usr/java/packages/lib/amd64:/usr/lib64:/lib64:/lib:/usr/lib"/>
    <property name="java.vm.info" value="mixed mode"/>
    <property name="java.vendor" value="Oracle Corporation"/>
    <property name="java.vm.version" value="25.101-b13"/>
    <property name="java.ext.dirs" value="/usr/lib/jvm/java-8-oracle/jre/lib/ext:/usr/java/packages/lib/ext"/>
    <property name="sun.io.unicode.encoding" value="UnicodeLittle"/>
    <property name="java.class.version" value="52.0"/>
  </properties>
  <testcase name="testCoreNLP(Elasticsearch is a search engine based on the Lucene library., 1, 10) [0]" classname="org.elasticsearch.ingest.Test3rdParty" time="0"/>
  <testcase name="testCoreNLP(Elasticsearch can be used to search all kinds of documents. It provides scalable search, has near real-time search, and supports multitenancy., 2, 21) [1]" classname="org.elasticsearch.ingest.Test3rdParty" time="0.001"/>
  <testcase name="testHyphenV1(Elasticsearch, 3) [0]" classname="org.elasticsearch.ingest.Test3rdParty" time="1.941"/>
  <testcase name="testHyphenV1(is, 1) [1]" classname="org.elasticsearch.ingest.Test3rdParty" time="0.001"/>
  <testcase name="testHyphenV1(search, 1) [2]" classname="org.elasticsearch.ingest.Test3rdParty" time="0"/>
  <testcase name="testHyphenV1(engine, 2) [3]" classname="org.elasticsearch.ingest.Test3rdParty" time="0"/>
  <testcase name="testHyphenV1(Lucene, 2) [4]" classname="org.elasticsearch.ingest.Test3rdParty" time="0.001"/>
  <testcase name="testHyphenV1(library, 2) [5]" classname="org.elasticsearch.ingest.Test3rdParty" time="0"/>
  <testcase name="testHyphenV1(documents, 3) [6]" classname="org.elasticsearch.ingest.Test3rdParty" time="0.001"/>
  <testcase name="testHyphenV1(real-time, 3) [7]" classname="org.elasticsearch.ingest.Test3rdParty" time="0.003">
    <failure message="&#10;The following assertion failed:&#10;1) [SyllablesV1] expected:&lt;[3]&gt; but was:&lt;[1]&gt;&#10;" type="org.assertj.core.api.SoftAssertionError"><![CDATA[org.assertj.core.api.SoftAssertionError: 

The following assertion failed:
1) [SyllablesV1] expected:<[3]> but was:<[1]>

	at org.elasticsearch.ingest.Test3rdParty.testHyphenV1(Test3rdParty.java:96)
]]></failure>
    <system-out><![CDATA[========= HYPHEN TEST ITEXT7 ===============
real-time	real-time	1
]]></system-out>
  </testcase>
  <testcase name="testHyphenV1(multitenancy, 4) [8]" classname="org.elasticsearch.ingest.Test3rdParty" time="0"/>
  <testcase name="testHyphenV1(today, 2) [9]" classname="org.elasticsearch.ingest.Test3rdParty" time="0.003">
    <failure message="&#10;The following assertion failed:&#10;1) [SyllablesV1] expected:&lt;[2]&gt; but was:&lt;[1]&gt;&#10;" type="org.assertj.core.api.SoftAssertionError"><![CDATA[org.assertj.core.api.SoftAssertionError: 

The following assertion failed:
1) [SyllablesV1] expected:<[2]> but was:<[1]>

	at org.elasticsearch.ingest.Test3rdParty.testHyphenV1(Test3rdParty.java:96)
]]></failure>
    <system-out><![CDATA[========= HYPHEN TEST ITEXT7 ===============
Catched exception:   java.lang.NullPointerException
today	n/a	1
]]></system-out>
  </testcase>
  <testcase name="testHyphenV2(Elasticsearch, 3) [0]" classname="org.elasticsearch.ingest.Test3rdParty" time="0"/>
  <testcase name="testHyphenV2(is, 1) [1]" classname="org.elasticsearch.ingest.Test3rdParty" time="0"/>
  <testcase name="testHyphenV2(search, 1) [2]" classname="org.elasticsearch.ingest.Test3rdParty" time="0"/>
  <testcase name="testHyphenV2(engine, 2) [3]" classname="org.elasticsearch.ingest.Test3rdParty" time="0"/>
  <testcase name="testHyphenV2(Lucene, 2) [4]" classname="org.elasticsearch.ingest.Test3rdParty" time="0.002">
    <failure message="&#10;The following assertion failed:&#10;1) [SyllablesV2] expected:&lt;[2]&gt; but was:&lt;[1]&gt;&#10;" type="org.assertj.core.api.SoftAssertionError"><![CDATA[org.assertj.core.api.SoftAssertionError: 

The following assertion failed:
1) [SyllablesV2] expected:<[2]> but was:<[1]>

	at org.elasticsearch.ingest.Test3rdParty.testHyphenV2(Test3rdParty.java:139)
]]></failure>
    <system-out><![CDATA[========= HYPHEN TEST JHYPHENATOR ===============
Lucene	Lucene	1
]]></system-out>
  </testcase>
  <testcase name="testHyphenV2(library, 2) [5]" classname="org.elasticsearch.ingest.Test3rdParty" time="0"/>
  <testcase name="testHyphenV2(documents, 3) [6]" classname="org.elasticsearch.ingest.Test3rdParty" time="0.001"/>
  <testcase name="testHyphenV2(real-time, 3) [7]" classname="org.elasticsearch.ingest.Test3rdParty" time="0"/>
  <testcase name="testHyphenV2(multitenancy, 4) [8]" classname="org.elasticsearch.ingest.Test3rdParty" time="0.001"/>
  <testcase name="testHyphenV2(today, 2) [9]" classname="org.elasticsearch.ingest.Test3rdParty" time="0"/>
</testsuite>